<?xml version="1.0" encoding="UTF-8"?>
<!-- Generated by org.testng.reporters.JUnitReportReporter -->
<testsuite skipped="0" hostname="GUDU-PC" name="basepack.DirectoryPageTest" tests="3" failures="0" timestamp="2022-01-01T12:47:19 IST" time="169.111" errors="0">
  <testcase name="directoryPage" time="61.404" classname="basepack.DirectoryPageTest"/>
  <system-out/>
  <testcase name="directoryPage" time="42.102" classname="basepack.DirectoryPageTest"/>
  <system-out/>
  <testcase name="directoryPage" time="65.605" classname="basepack.DirectoryPageTest"/>
  <system-out/>
</testsuite> <!-- basepack.DirectoryPageTest -->
