<?xml version="1.0" encoding="UTF-8"?>
<!-- Generated by org.testng.reporters.JUnitReportReporter -->
<testsuite skipped="0" hostname="GUDU-PC" name="basepack.DirectoryPageTest" tests="1" failures="0" timestamp="2021-12-30T15:39:46 IST" time="38.677" errors="0">
  <testcase name="directoryPage" time="38.677" classname="basepack.DirectoryPageTest"/>
  <system-out/>
</testsuite> <!-- basepack.DirectoryPageTest -->
